[2025-11-23 23:06:04] Monitoring '/home/esha/assignment3' in repo: /home/esha/assignment3
[2025-11-23 23:06:04] Initial checksum: bbef4b242ddcfe832f21d5f5a7415c112e7ae07f560d48c709234df83b00cc47
[2025-11-23 23:06:09] Change detected! old=bbef4b242ddcfe832f21d5f5a7415c112e7ae07f560d48c709234df83b00cc47 new=969f2811d42ee00952d9e7a467c5a4ad1e878ceb2b3117e2846d74c85489b7a3
[2025-11-23 23:06:10] Committed: config.cfg
monitor.log
monitor_and_push.sh
[2025-11-23 23:06:21] ERROR: git push failed. Attempting to show remote status...
[2025-11-23 23:06:26] Change detected! old=969f2811d42ee00952d9e7a467c5a4ad1e878ceb2b3117e2846d74c85489b7a3 new=6cdce8c287c882a07c428c35fb78cf55cdc2f1d2c5ea7dfeb7066ce7e5f72eef
[2025-11-23 23:06:26] Committed: monitor.log
[2025-11-23 23:06:31] ERROR: git push failed. Attempting to show remote status...
[2025-11-23 23:06:36] Change detected! old=6cdce8c287c882a07c428c35fb78cf55cdc2f1d2c5ea7dfeb7066ce7e5f72eef new=1a25f9c545b0aca8ffd10e921333210b0a70a41e8e6225d1017c5c247816e0e5
[2025-11-23 23:06:36] Committed: monitor.log
[2025-11-23 23:06:40] ERROR: git push failed. Attempting to show remote status...
[2025-11-23 23:06:45] Change detected! old=1a25f9c545b0aca8ffd10e921333210b0a70a41e8e6225d1017c5c247816e0e5 new=d264c01cce2815f57ff134769e3a0b81366d4dd5e611f4377252cb2c330b2dd5
[2025-11-23 23:06:45] Committed: monitor.log
[2025-11-23 23:06:51] ERROR: git push failed. Attempting to show remote status...
[2025-11-23 23:06:56] Change detected! old=d264c01cce2815f57ff134769e3a0b81366d4dd5e611f4377252cb2c330b2dd5 new=8a69b97d6978535d1fc4132192832e0723a9fdb0e85a441f27d499635c03072d
[2025-11-23 23:06:56] Committed: monitor.log
[2025-11-23 23:07:00] ERROR: git push failed. Attempting to show remote status...
[2025-11-23 23:07:05] Change detected! old=8a69b97d6978535d1fc4132192832e0723a9fdb0e85a441f27d499635c03072d new=1ac2c383388b364bec2c14e9675990fd38699ee1c7bb490df6cdd37c60adfc8f
[2025-11-23 23:07:05] Committed: monitor.log
[2025-11-23 23:07:09] ERROR: git push failed. Attempting to show remote status...
[2025-11-23 23:07:14] Change detected! old=1ac2c383388b364bec2c14e9675990fd38699ee1c7bb490df6cdd37c60adfc8f new=0240996082f94709f0b001639932c2a9d325ac9a8d61d54f02bc8083ac8c2265
[2025-11-23 23:07:14] Committed: monitor.log
[2025-11-23 23:07:24] ERROR: git push failed. Attempting to show remote status...
[2025-11-23 23:07:29] Change detected! old=0240996082f94709f0b001639932c2a9d325ac9a8d61d54f02bc8083ac8c2265 new=cf518eb4c1615aeabe5bb4d71f95ca75d3cfea57622a12d6b58a109010f80cdc
[2025-11-23 23:07:29] Committed: monitor.log
[2025-11-23 23:07:36] ERROR: git push failed. Attempting to show remote status...
[2025-11-23 23:07:41] Change detected! old=cf518eb4c1615aeabe5bb4d71f95ca75d3cfea57622a12d6b58a109010f80cdc new=fc8f63c373bb96bd963ac692dd353932b742f6c31bb37fd388091492a28443e5
[2025-11-23 23:07:41] Committed: monitor.log
[2025-11-23 23:07:57] ERROR: git push failed. Attempting to show remote status...
[2025-11-23 23:08:02] Change detected! old=fc8f63c373bb96bd963ac692dd353932b742f6c31bb37fd388091492a28443e5 new=efce25a2e3d66967343de010e11199f96e6f5ef1c7a01ed792b59e2138b40e3c
[2025-11-23 23:08:02] Committed: monitor.log
[2025-11-23 23:08:05] ERROR: git push failed. Attempting to show remote status...
[2025-11-23 23:08:11] Change detected! old=efce25a2e3d66967343de010e11199f96e6f5ef1c7a01ed792b59e2138b40e3c new=c72a5e837091feb47624efa6cde0b100c6eef2d3e1b1df7fc359aa8a86bce6b1
[2025-11-23 23:08:11] Committed: monitor.log
[2025-11-23 23:08:15] ERROR: git push failed. Attempting to show remote status...
[2025-11-23 23:08:20] Change detected! old=c72a5e837091feb47624efa6cde0b100c6eef2d3e1b1df7fc359aa8a86bce6b1 new=60176533402555b67b4afcac395158f20ab41a88e5427f54ac3814c278710e7f
[2025-11-23 23:08:20] Committed: monitor.log
[2025-11-23 23:08:25] ERROR: git push failed. Attempting to show remote status...
[2025-11-23 23:08:30] Change detected! old=60176533402555b67b4afcac395158f20ab41a88e5427f54ac3814c278710e7f new=e1afb374fd17095e67c5586b739244a4dfaf1d9e10ff920b2f8a90358c7c88f9
[2025-11-23 23:08:30] Committed: monitor.log
[2025-11-23 23:08:37] ERROR: git push failed. Attempting to show remote status...
[2025-11-23 23:08:42] Change detected! old=e1afb374fd17095e67c5586b739244a4dfaf1d9e10ff920b2f8a90358c7c88f9 new=6bb9b89f83729a11ec86841477dabc23843f8dd639076090d5983fd46dcdedd3
[2025-11-23 23:08:42] Committed: monitor.log
[2025-11-23 23:08:46] ERROR: git push failed. Attempting to show remote status...
[2025-11-23 23:08:51] Change detected! old=6bb9b89f83729a11ec86841477dabc23843f8dd639076090d5983fd46dcdedd3 new=e2c32046861526b46932cdb11d4d98e230c1481a3fb7cb06dbb69d83180e5f40
[2025-11-23 23:08:51] Committed: monitor.log
[2025-11-23 23:08:59] ERROR: git push failed. Attempting to show remote status...
[2025-11-23 23:09:04] Change detected! old=e2c32046861526b46932cdb11d4d98e230c1481a3fb7cb06dbb69d83180e5f40 new=b5f3d7f70626c5e57cab91cdacac5ccb67a215f8d1f779c57569ca578096bb7d
[2025-11-23 23:09:04] Committed: monitor.log
[2025-11-23 23:09:13] ERROR: git push failed. Attempting to show remote status...
[2025-11-23 23:09:18] Change detected! old=b5f3d7f70626c5e57cab91cdacac5ccb67a215f8d1f779c57569ca578096bb7d new=44dfc26394febb36e61cace22be7db176db024894a3c0facfaaa104d29e8dd24
[2025-11-23 23:09:18] Committed: monitor.log
[2025-11-23 23:09:24] ERROR: git push failed. Attempting to show remote status...
[2025-11-23 23:09:29] Change detected! old=44dfc26394febb36e61cace22be7db176db024894a3c0facfaaa104d29e8dd24 new=44371324a97e0fee8fcf9f8d20f785081cda7ffcaee65061ccf49e8e62af1f31
[2025-11-23 23:09:29] Committed: monitor.log
[2025-11-23 23:09:33] ERROR: git push failed. Attempting to show remote status...
[2025-11-23 23:09:38] Change detected! old=44371324a97e0fee8fcf9f8d20f785081cda7ffcaee65061ccf49e8e62af1f31 new=c3ec85c9d977b8350529962ff9e0492d9a4d55c13f8d1bbb35a948b8e2aeeae5
[2025-11-23 23:09:38] Committed: monitor.log
[2025-11-23 23:09:45] ERROR: git push failed. Attempting to show remote status...
[2025-11-23 23:09:50] Change detected! old=c3ec85c9d977b8350529962ff9e0492d9a4d55c13f8d1bbb35a948b8e2aeeae5 new=acf9e1adc6ca0d3b6f9f0f7cf785b6d5d0157be5499567e0e93ff92e16a79689
[2025-11-23 23:09:50] Committed: monitor.log
[2025-11-23 23:09:55] ERROR: git push failed. Attempting to show remote status...
[2025-11-23 23:10:00] Change detected! old=acf9e1adc6ca0d3b6f9f0f7cf785b6d5d0157be5499567e0e93ff92e16a79689 new=29fb123e04d2854a39dafbd8992a87432b544cb58b8fe1f6bee02a192780110d
[2025-11-23 23:10:00] Committed: monitor.log
[2025-11-23 23:10:04] ERROR: git push failed. Attempting to show remote status...
[2025-11-23 23:10:09] Change detected! old=29fb123e04d2854a39dafbd8992a87432b544cb58b8fe1f6bee02a192780110d new=0947cf1ed230600b3a5a711526400f45ce0b298198115e0cd710d29f8241fb06
[2025-11-23 23:10:09] Committed: monitor.log
[2025-11-23 23:10:13] ERROR: git push failed. Attempting to show remote status...
[2025-11-23 23:10:18] Change detected! old=0947cf1ed230600b3a5a711526400f45ce0b298198115e0cd710d29f8241fb06 new=c055b798c58d4bf3cdb9eb34d520fa729cfd550f7784afd2fce5af653b3d7af8
[2025-11-23 23:10:18] Committed: monitor.log
[2025-11-23 23:10:22] ERROR: git push failed. Attempting to show remote status...
[2025-11-23 23:10:27] Change detected! old=c055b798c58d4bf3cdb9eb34d520fa729cfd550f7784afd2fce5af653b3d7af8 new=bffd16e147b6eca60651d5b8018e288a06f08dc7c5ce54ad95d8ea2712cc7de0
[2025-11-23 23:10:28] Committed: monitor.log
[2025-11-23 23:10:32] ERROR: git push failed. Attempting to show remote status...
[2025-11-23 23:10:37] Change detected! old=bffd16e147b6eca60651d5b8018e288a06f08dc7c5ce54ad95d8ea2712cc7de0 new=be4daa624298455d6ebb1e74d64606d47d44bce200a570bb7da6e9fd831057ec
[2025-11-23 23:10:37] Committed: monitor.log
[2025-11-23 23:10:43] ERROR: git push failed. Attempting to show remote status...
[2025-11-23 23:10:48] Change detected! old=be4daa624298455d6ebb1e74d64606d47d44bce200a570bb7da6e9fd831057ec new=407cbf21dbbbbd3dd7d61707a921486409b15328db7f56608f3b121afa96582b
[2025-11-23 23:10:48] Committed: monitor.log
[2025-11-23 23:10:53] ERROR: git push failed. Attempting to show remote status...
[2025-11-23 23:10:58] Change detected! old=407cbf21dbbbbd3dd7d61707a921486409b15328db7f56608f3b121afa96582b new=55c2e777f6bd3c1de646f75e490858a1b2b6ca1a83810acffa6a02b53d59043a
[2025-11-23 23:10:58] Committed: monitor.log
[2025-11-23 23:11:02] ERROR: git push failed. Attempting to show remote status...
[2025-11-23 23:11:07] Change detected! old=55c2e777f6bd3c1de646f75e490858a1b2b6ca1a83810acffa6a02b53d59043a new=eee16b39c3463115af09adc722f048a8e8f6e0f3884015ae7d6d24fdc79a6594
[2025-11-23 23:11:07] Committed: monitor.log
[2025-11-23 23:29:40] ERROR: git push failed. Attempting to show remote status...
[2025-11-23 23:29:45] Change detected! old=eee16b39c3463115af09adc722f048a8e8f6e0f3884015ae7d6d24fdc79a6594 new=d9b3cbecb4aca635ab9d206427744372ff6be9a7c93c0639629263c315468a61
[2025-11-23 23:29:45] Committed: monitor.log
[2025-11-23 23:29:49] ERROR: git push failed. Attempting to show remote status...
[2025-11-23 23:29:54] Change detected! old=d9b3cbecb4aca635ab9d206427744372ff6be9a7c93c0639629263c315468a61 new=9421491e825230238d5a0598d253df8df094aec113a7b6fa133fbf52e75a5e88
[2025-11-23 23:29:54] Committed: monitor.log
[2025-11-23 23:34:41] Monitoring '/home/esha/assignment3' in repo: /home/esha/assignment3
[2025-11-23 23:34:41] Initial checksum: 499789164077e16ed6d1fc12fbad9ee61620028ecc3e65655f16d7d94cae29d5
[2025-11-23 23:34:46] Change detected! old=499789164077e16ed6d1fc12fbad9ee61620028ecc3e65655f16d7d94cae29d5 new=80c57391038deed6c98eed0968122705ad23610ae508c9e1d1175679a15b6dd4
[2025-11-23 23:34:46] Committed: monitor.log
[2025-11-23 23:34:51] ERROR: git push failed. Attempting to show remote status...
[2025-11-23 23:34:56] Change detected! old=80c57391038deed6c98eed0968122705ad23610ae508c9e1d1175679a15b6dd4 new=fbce8b982dfc123e36844e00ee40afbe12ecf5b1be4bb2335ffdee2e665893da
[2025-11-23 23:34:56] Committed: monitor.log
[2025-11-23 23:35:00] ERROR: git push failed. Attempting to show remote status...
[2025-11-23 23:35:05] Change detected! old=fbce8b982dfc123e36844e00ee40afbe12ecf5b1be4bb2335ffdee2e665893da new=72ecb95aa0cdecd4acb9f7c0fef94576b2cd86cce98cf93998ba4a0590633f64
[2025-11-23 23:35:05] Committed: monitor.log
[2025-11-23 23:35:09] ERROR: git push failed. Attempting to show remote status...
[2025-11-23 23:35:15] Change detected! old=72ecb95aa0cdecd4acb9f7c0fef94576b2cd86cce98cf93998ba4a0590633f64 new=2b412e1a8aa0c741ef9d27a0d2cfe00d2123c4183750536275d2a4e71f5a687e
[2025-11-23 23:35:15] Committed: monitor.log
[2025-11-23 23:35:19] ERROR: git push failed. Attempting to show remote status...
[2025-11-23 23:35:24] Change detected! old=2b412e1a8aa0c741ef9d27a0d2cfe00d2123c4183750536275d2a4e71f5a687e new=5ef5ce1a8af4a47ed95fb0bb9d1356b69522fa6c8336356a794e9ea204eb5d19
[2025-11-23 23:35:24] Committed: monitor.log
[2025-11-23 23:35:29] ERROR: git push failed. Attempting to show remote status...
[2025-11-23 23:35:34] Change detected! old=5ef5ce1a8af4a47ed95fb0bb9d1356b69522fa6c8336356a794e9ea204eb5d19 new=2cabce924461fed4e02a3af9f1fe13af4144ba2fcd1cc682fef9d8a39df1ca60
[2025-11-23 23:35:34] Committed: monitor.log
[2025-11-23 23:35:38] ERROR: git push failed. Attempting to show remote status...
[2025-11-23 23:35:43] Change detected! old=2cabce924461fed4e02a3af9f1fe13af4144ba2fcd1cc682fef9d8a39df1ca60 new=52e020bba6ca84bc7d7d1a2696bf4ec8b70ce99fad9081223b9ced3a8cd02204
[2025-11-23 23:35:43] Committed: monitor.log
[2025-11-23 23:35:47] ERROR: git push failed. Attempting to show remote status...
[2025-11-23 23:35:52] Change detected! old=52e020bba6ca84bc7d7d1a2696bf4ec8b70ce99fad9081223b9ced3a8cd02204 new=f6e756162a27d6454e364b1f430979c8d06b4450e136be39d2d8a72bac601b99
[2025-11-23 23:35:52] Committed: monitor.log
[2025-11-23 23:35:56] ERROR: git push failed. Attempting to show remote status...
[2025-11-23 23:36:01] Change detected! old=f6e756162a27d6454e364b1f430979c8d06b4450e136be39d2d8a72bac601b99 new=c408c374a0d604e3277e31bfc6fe8d9e7af70879789656f75e4b1ba7443d633f
[2025-11-23 23:36:01] Committed: monitor.log
[2025-11-23 23:36:05] ERROR: git push failed. Attempting to show remote status...
[2025-11-23 23:36:10] Change detected! old=c408c374a0d604e3277e31bfc6fe8d9e7af70879789656f75e4b1ba7443d633f new=f4ac713e65f102cc9a1c9df2ff210ec22cf0fa8a9e6f67004c37593baa844f6b
[2025-11-23 23:36:10] Committed: monitor.log
[2025-11-23 23:36:15] ERROR: git push failed. Attempting to show remote status...
[2025-11-23 23:36:20] Change detected! old=f4ac713e65f102cc9a1c9df2ff210ec22cf0fa8a9e6f67004c37593baa844f6b new=e6c5a8597dc6222c5bd70dd174f45bca06c316a2c51e337fc644ddc1e7ef6c7b
[2025-11-23 23:36:20] Committed: monitor.log
testfile.txt
[2025-11-23 23:36:25] ERROR: git push failed. Attempting to show remote status...
[2025-11-23 23:36:30] Change detected! old=e6c5a8597dc6222c5bd70dd174f45bca06c316a2c51e337fc644ddc1e7ef6c7b new=3f5c388d517c26dc1e82dbca705b44a3e447bb6564d259516d5aea8ea212116d
[2025-11-23 23:36:30] Committed: monitor.log
[2025-11-23 23:36:34] ERROR: git push failed. Attempting to show remote status...
[2025-11-23 23:36:39] Change detected! old=3f5c388d517c26dc1e82dbca705b44a3e447bb6564d259516d5aea8ea212116d new=4c6ef3dc2d262768a534b2c1821c5f71dc1074ffab4efabb77db67e8eb7758c3
[2025-11-23 23:36:39] Committed: monitor.log
[2025-11-23 23:36:43] ERROR: git push failed. Attempting to show remote status...
[2025-11-23 23:36:48] Change detected! old=4c6ef3dc2d262768a534b2c1821c5f71dc1074ffab4efabb77db67e8eb7758c3 new=d9ae019f18c726a912e09f9f60b52f4bfb1cd22fdd95f413eb2fd57d28cf09da
[2025-11-23 23:36:48] Committed: monitor.log
[2025-11-23 23:36:53] ERROR: git push failed. Attempting to show remote status...
[2025-11-23 23:36:58] Change detected! old=d9ae019f18c726a912e09f9f60b52f4bfb1cd22fdd95f413eb2fd57d28cf09da new=df4b6d5b7e9a68b91ba097e9a7877650616cde1d344c28a9e0257fd670fd71f4
[2025-11-23 23:36:58] Committed: monitor.log
[2025-11-23 23:37:02] ERROR: git push failed. Attempting to show remote status...
[2025-11-23 23:37:07] Change detected! old=df4b6d5b7e9a68b91ba097e9a7877650616cde1d344c28a9e0257fd670fd71f4 new=d07074de9a719c8fd80bcbe16317c196c11bb74dbbb006c8c8ad499784e3f30f
[2025-11-23 23:37:07] Committed: monitor.log
[2025-11-23 23:37:11] ERROR: git push failed. Attempting to show remote status...
[2025-11-23 23:37:16] Change detected! old=d07074de9a719c8fd80bcbe16317c196c11bb74dbbb006c8c8ad499784e3f30f new=7224b3c4bfa6ebb1e519868b4283699eaf68661e285a76558c34a3a9e1e8f83b
[2025-11-23 23:37:16] Committed: monitor.log
[2025-11-23 23:37:20] ERROR: git push failed. Attempting to show remote status...
[2025-11-23 23:37:25] Change detected! old=7224b3c4bfa6ebb1e519868b4283699eaf68661e285a76558c34a3a9e1e8f83b new=05e51e076211e7afb75137f489c7b9c0f1f0cd952e347a2d6129fe7dc7724362
[2025-11-23 23:37:25] Committed: monitor.log
[2025-11-23 23:37:29] ERROR: git push failed. Attempting to show remote status...
[2025-11-23 23:37:34] Change detected! old=05e51e076211e7afb75137f489c7b9c0f1f0cd952e347a2d6129fe7dc7724362 new=4ac7cbfa0fb95d1860465a2ed61b1d27dfac21367f12676eb7432c746d31e088
[2025-11-23 23:37:34] Committed: monitor.log
[2025-11-23 23:37:39] ERROR: git push failed. Attempting to show remote status...
[2025-11-23 23:37:44] Change detected! old=4ac7cbfa0fb95d1860465a2ed61b1d27dfac21367f12676eb7432c746d31e088 new=8197f559983daa9b71e81c413faa1e631fdc12380f2e6101fbe4c1fb551ae180
[2025-11-23 23:37:44] Committed: monitor.log
[2025-11-23 23:37:48] ERROR: git push failed. Attempting to show remote status...
[2025-11-23 23:37:54] Change detected! old=8197f559983daa9b71e81c413faa1e631fdc12380f2e6101fbe4c1fb551ae180 new=c7ae730145eb9270163b07c366f017209bb4e2dace578ce8648f6bdf58b3ef53
[2025-11-23 23:37:54] Committed: monitor.log
[2025-11-23 23:37:59] ERROR: git push failed. Attempting to show remote status...
[2025-11-23 23:38:04] Change detected! old=c7ae730145eb9270163b07c366f017209bb4e2dace578ce8648f6bdf58b3ef53 new=a56d8cbc0a1212005c24c715d54813f33c6fd514582d8d1c11a95f862d314f86
[2025-11-23 23:38:04] Committed: monitor.log
[2025-11-23 23:38:09] ERROR: git push failed. Attempting to show remote status...
[2025-11-23 23:38:14] Change detected! old=a56d8cbc0a1212005c24c715d54813f33c6fd514582d8d1c11a95f862d314f86 new=a858f38dc1e077f7132705594a52596a7562d0251e3a79ae8aeb6877a76e9e36
[2025-11-23 23:38:14] Committed: monitor.log
[2025-11-24 00:03:55] Monitoring '/home/esha/assignment3' in repo: /home/esha/assignment3
[2025-11-24 00:03:55] Initial checksum: d5b1d490d44b5a11c89ffd435b2a5a4160d96738734224503d832c2451c8f9e9
[2025-11-24 00:04:00] Change detected! old=d5b1d490d44b5a11c89ffd435b2a5a4160d96738734224503d832c2451c8f9e9 new=d8f18133c8992b3684f6cb85195bf89416ce8aac0bbdd67a30e50e4ee44dd15a
[2025-11-24 00:04:00] Committed: config.cfg
monitor.log
[2025-11-24 00:04:05] ERROR: git push failed. Attempting to show remote status...
[2025-11-24 00:04:10] Change detected! old=d8f18133c8992b3684f6cb85195bf89416ce8aac0bbdd67a30e50e4ee44dd15a new=b7ba93f2fbbd822fafbf541cd83766913566f8faccb0d6717bbfd6d09e58981b
[2025-11-24 00:04:10] Committed: monitor.log
[2025-11-24 00:04:15] ERROR: git push failed. Attempting to show remote status...
[2025-11-24 00:04:20] Change detected! old=b7ba93f2fbbd822fafbf541cd83766913566f8faccb0d6717bbfd6d09e58981b new=40aba40c62d27e361fd6ea7c931d22da6ac476673b2250a65a57579ca7159f4e
[2025-11-24 00:04:20] Committed: monitor.log
[2025-11-24 00:04:24] ERROR: git push failed. Attempting to show remote status...
[2025-11-24 00:04:29] Change detected! old=40aba40c62d27e361fd6ea7c931d22da6ac476673b2250a65a57579ca7159f4e new=ee8899d9e4556ae6cd1acd8399d715186b55d9e3d48a41de0f3a22bea1e63e1c
[2025-11-24 00:04:29] Committed: monitor.log
[2025-11-24 00:04:33] ERROR: git push failed. Attempting to show remote status...
[2025-11-24 00:04:38] Change detected! old=ee8899d9e4556ae6cd1acd8399d715186b55d9e3d48a41de0f3a22bea1e63e1c new=cb365f5b4c29b25e4c2b96162da87ff40df3f68bfaf4b2bf39199d5091fd1bce
[2025-11-24 00:04:38] Committed: monitor.log
testfile.txt
[2025-11-24 00:04:43] ERROR: git push failed. Attempting to show remote status...
[2025-11-24 00:04:48] Change detected! old=cb365f5b4c29b25e4c2b96162da87ff40df3f68bfaf4b2bf39199d5091fd1bce new=964de108b1a95a08cdbda9a641680bed79504264881f977a01f3c4b797556c83
[2025-11-24 00:04:48] Committed: monitor.log
[2025-11-24 00:04:52] ERROR: git push failed. Attempting to show remote status...
[2025-11-24 00:04:57] Change detected! old=964de108b1a95a08cdbda9a641680bed79504264881f977a01f3c4b797556c83 new=bd1ae83a206b41538e5a9b2f3cb00def0bbaee376826eb7fb67184d4bd2e2c30
[2025-11-24 00:04:57] Committed: monitor.log
[2025-11-24 00:05:01] ERROR: git push failed. Attempting to show remote status...
[2025-11-24 00:05:06] Change detected! old=bd1ae83a206b41538e5a9b2f3cb00def0bbaee376826eb7fb67184d4bd2e2c30 new=573775cb80da43e1561fdc72e6004e41651c5ee6c6fcd1d9a7b504b6ba78040c
[2025-11-24 00:05:06] Committed: monitor.log
[2025-11-24 00:05:10] ERROR: git push failed. Attempting to show remote status...
[2025-11-24 00:05:15] Change detected! old=573775cb80da43e1561fdc72e6004e41651c5ee6c6fcd1d9a7b504b6ba78040c new=11fde3f2b33f950b16faa13bc4ee3fd3eceae2c96ae312da70f574aee0727e88
[2025-11-24 00:05:15] Committed: monitor.log
[2025-11-24 00:05:19] ERROR: git push failed. Attempting to show remote status...
[2025-11-24 00:05:24] Change detected! old=11fde3f2b33f950b16faa13bc4ee3fd3eceae2c96ae312da70f574aee0727e88 new=e637e57b24ff5a3975b75675ae6acc706928d7d5f3b4267442b48eda9751d892
[2025-11-24 00:05:24] Committed: monitor.log
[2025-11-24 00:05:28] ERROR: git push failed. Attempting to show remote status...
[2025-11-24 00:05:33] Change detected! old=e637e57b24ff5a3975b75675ae6acc706928d7d5f3b4267442b48eda9751d892 new=85be35a34d324a4c8aca6663e6b3e832674d9459220b883ceac958d1ddad7795
[2025-11-24 00:05:33] Committed: monitor.log
[2025-11-24 00:05:37] ERROR: git push failed. Attempting to show remote status...
[2025-11-24 00:05:43] Change detected! old=85be35a34d324a4c8aca6663e6b3e832674d9459220b883ceac958d1ddad7795 new=f9b7a417755bb055e438c9f8ce4b43e44396a6d8f0c14d5f41bc432589b3f588
[2025-11-24 00:05:43] Committed: .monitor.log.swp
monitor.log
[2025-11-24 00:05:49] ERROR: git push failed. Attempting to show remote status...
[2025-11-24 00:05:54] Change detected! old=f9b7a417755bb055e438c9f8ce4b43e44396a6d8f0c14d5f41bc432589b3f588 new=521d1510fcc6c6ccaed5550a2ec6b4873ca18b0033644f95ceb928f97259b4f3
[2025-11-24 00:05:54] Committed: monitor.log
[2025-11-24 00:06:00] ERROR: git push failed. Attempting to show remote status...
[2025-11-24 00:06:05] Change detected! old=521d1510fcc6c6ccaed5550a2ec6b4873ca18b0033644f95ceb928f97259b4f3 new=f082a8c504c0f181b40624bee82d86fea58161dec6949273f69b76dac31442f0
[2025-11-24 00:06:05] Committed: monitor.log
[2025-11-24 00:06:09] ERROR: git push failed. Attempting to show remote status...
[2025-11-24 00:06:14] Change detected! old=f082a8c504c0f181b40624bee82d86fea58161dec6949273f69b76dac31442f0 new=91c6221859220c33303393fbea9feecd8c59bf5e6c25849c35153826623e5eb4
[2025-11-24 00:06:14] Committed: monitor.log
[2025-11-24 00:06:18] ERROR: git push failed. Attempting to show remote status...
[2025-11-24 00:06:23] Change detected! old=91c6221859220c33303393fbea9feecd8c59bf5e6c25849c35153826623e5eb4 new=02c7657b5bb2178d773185051b2fbe44a1a1da8913c011f4902e88a840bb68f4
[2025-11-24 00:06:24] Committed: monitor.log
[2025-11-24 00:06:28] ERROR: git push failed. Attempting to show remote status...
[2025-11-24 00:06:33] Change detected! old=02c7657b5bb2178d773185051b2fbe44a1a1da8913c011f4902e88a840bb68f4 new=426270e6205dfcce1149f0296e44d32bb300b37cbc4e5370b02407b326aec04c
[2025-11-24 00:06:33] Committed: monitor.log
[2025-11-24 00:06:39] ERROR: git push failed. Attempting to show remote status...
[2025-11-24 00:06:44] Change detected! old=426270e6205dfcce1149f0296e44d32bb300b37cbc4e5370b02407b326aec04c new=10b631cc13f4157302501d948590e954b2e62acd1607e32a4621fc584cd108ce
[2025-11-24 00:06:44] Committed: .monitor.log.swp
monitor.log
[2025-11-24 00:06:48] ERROR: git push failed. Attempting to show remote status...
[2025-11-24 00:06:53] Change detected! old=10b631cc13f4157302501d948590e954b2e62acd1607e32a4621fc584cd108ce new=69f877484960f4fa291ed48c8f9c4743ad50d157455ecd7c5db13c9ebb5bc60f
[2025-11-24 00:06:53] Committed: monitor.log
[2025-11-24 00:06:57] ERROR: git push failed. Attempting to show remote status...
[2025-11-24 00:07:02] Change detected! old=69f877484960f4fa291ed48c8f9c4743ad50d157455ecd7c5db13c9ebb5bc60f new=8793b2138f1b276c38526495d2e65cf28d678e0473567614150c20e669ea885b
[2025-11-24 00:07:02] Committed: monitor.log
[2025-11-24 00:07:07] ERROR: git push failed. Attempting to show remote status...
[2025-11-24 00:07:12] Change detected! old=8793b2138f1b276c38526495d2e65cf28d678e0473567614150c20e669ea885b new=66ccf2aae47bb9790807ab2587890e8f0e64f7db118d8efa928f31b40a9f30be
[2025-11-24 00:07:12] Committed: monitor.log
[2025-11-24 00:07:16] ERROR: git push failed. Attempting to show remote status...
[2025-11-24 00:07:21] Change detected! old=66ccf2aae47bb9790807ab2587890e8f0e64f7db118d8efa928f31b40a9f30be new=e5d24eae68b2d3795f6770cecc65df274a3dd31176840a1a2cd195837a96eaaf
[2025-11-24 00:07:22] Committed: monitor.log
[2025-11-24 00:07:25] ERROR: git push failed. Attempting to show remote status...
[2025-11-24 00:07:30] Change detected! old=e5d24eae68b2d3795f6770cecc65df274a3dd31176840a1a2cd195837a96eaaf new=893bb33af383987a3c711cc944d51e475b01553ab8323a7bdd6b26a7432c28a5
[2025-11-24 00:07:30] Committed: monitor.log
[2025-11-24 00:07:35] ERROR: git push failed. Attempting to show remote status...
[2025-11-24 00:07:40] Change detected! old=893bb33af383987a3c711cc944d51e475b01553ab8323a7bdd6b26a7432c28a5 new=95fd0372a441e25980252dbef8cae7e9aec56f8cbbe834a5c33218fd231ec023
[2025-11-24 00:07:40] Committed: monitor.log
[2025-11-24 00:07:44] ERROR: git push failed. Attempting to show remote status...
[2025-11-24 00:07:49] Change detected! old=95fd0372a441e25980252dbef8cae7e9aec56f8cbbe834a5c33218fd231ec023 new=23a13815a93d85ab6551ec4b96f16fa787b31ebd03d4e6d06f72a1656d28b280
[2025-11-24 00:07:49] Committed: monitor.log
[2025-11-24 00:07:52] ERROR: git push failed. Attempting to show remote status...
[2025-11-24 00:07:58] Change detected! old=23a13815a93d85ab6551ec4b96f16fa787b31ebd03d4e6d06f72a1656d28b280 new=39e88b1f4f80db3e877939f698c0be21006bc9d55362e0d24d446fcd77b62006
[2025-11-24 00:07:58] Committed: monitor.log
[2025-11-24 00:08:01] ERROR: git push failed. Attempting to show remote status...
[2025-11-24 00:08:07] Change detected! old=39e88b1f4f80db3e877939f698c0be21006bc9d55362e0d24d446fcd77b62006 new=5f9fcc0ce02df2627ce41c6e58df4067792f1d79ed0806abe6d226e702cae430
[2025-11-24 00:08:07] Committed: monitor.log
[2025-11-24 00:08:11] ERROR: git push failed. Attempting to show remote status...
[2025-11-24 00:08:16] Change detected! old=5f9fcc0ce02df2627ce41c6e58df4067792f1d79ed0806abe6d226e702cae430 new=5404e1bcedfbfdc2e1b64b84418328a231056b3fdc14e1d29cf6a4c6c363587c
[2025-11-24 00:08:16] Committed: monitor.log
[2025-11-24 00:08:20] ERROR: git push failed. Attempting to show remote status...
[2025-11-24 00:08:25] Change detected! old=5404e1bcedfbfdc2e1b64b84418328a231056b3fdc14e1d29cf6a4c6c363587c new=e43cbae1811ed6acf809b615766a2276a2cd4d3420114379ccfcc3d4a19d8912
[2025-11-24 00:08:25] Committed: monitor.log
[2025-11-24 00:08:30] ERROR: git push failed. Attempting to show remote status...
[2025-11-24 00:08:36] Change detected! old=e43cbae1811ed6acf809b615766a2276a2cd4d3420114379ccfcc3d4a19d8912 new=d209b298313af4246fac6da5fc4abbc5a9750a995c69647cbfb731a46c728348
[2025-11-24 00:08:36] Committed: monitor.log
[2025-11-24 00:08:40] ERROR: git push failed. Attempting to show remote status...
[2025-11-24 00:12:32] Monitoring '/home/esha/assignment3' in repo: /home/esha/assignment3
[2025-11-24 00:12:32] Initial checksum: 7f18869b5eb03c7e4fccb7d63b36db47eb4e93a12f7d4fc9509e584da00be113
[2025-11-24 00:12:37] Change detected! old=7f18869b5eb03c7e4fccb7d63b36db47eb4e93a12f7d4fc9509e584da00be113 new=bd1e72426d9d01b9eadb1124bd0a938a60c1a24b4d2684d75733d065e0336de9
[2025-11-24 00:12:37] Committed: monitor.log
monitor_and_push.sh
[2025-11-24 00:12:42] ERROR: git push failed. Attempting to show remote status...
[2025-11-24 00:12:47] Change detected! old=bd1e72426d9d01b9eadb1124bd0a938a60c1a24b4d2684d75733d065e0336de9 new=edb70ff3480dd9caf33d64decafd7428f877ab4c7a149511a55956693dedd9e3
[2025-11-24 00:12:47] Committed: monitor.log
[2025-11-24 00:12:51] ERROR: git push failed. Attempting to show remote status...
